<?xml version="1.0" encoding="UTF-8"?>
<testng-results skipped="0" failed="0" total="1" passed="1">
  <reporter-output>
  </reporter-output>
  <suite name="Suite" duration-ms="29643" started-at="2017-12-07T17:02:24Z" finished-at="2017-12-07T17:02:53Z">
    <groups>
    </groups>
    <test name="Test" duration-ms="29643" started-at="2017-12-07T17:02:24Z" finished-at="2017-12-07T17:02:53Z">
      <class name="example.NewTest">
        <test-method status="PASS" signature="testgooglrsearch()[pri:0, instance:example.NewTest@3f2a3a5]" name="testgooglrsearch" duration-ms="29633" started-at="2017-12-07T22:32:24Z" finished-at="2017-12-07T22:32:53Z">
          <reporter-output>
          </reporter-output>
        </test-method> <!-- testgooglrsearch -->
      </class> <!-- example.NewTest -->
    </test> <!-- Test -->
  </suite> <!-- Suite -->
</testng-results>
